<?xml version="1.0" encoding="UTF-8"?>
<!-- Generated by org.testng.reporters.JUnitReportReporter -->
<testsuite hostname="LAPTOP-RI7JP09I" failures="0" tests="1" name="script.ValidLogin" time="13.497" errors="0" timestamp="23 Aug 2022 09:48:13 GMT" skipped="0">
  <testcase classname="script.ValidLogin" name="testValidLogin" time="13.497"/>
</testsuite> <!-- script.ValidLogin -->
