<?xml version="1.0" encoding="UTF-8"?>
<!-- Generated by org.testng.reporters.JUnitReportReporter -->
<testsuite hostname="LAPTOP-RI7JP09I" failures="0" tests="1" name="script.ValidLogin" time="12.339" errors="0" timestamp="31 Jul 2022 10:16:18 GMT" skipped="0">
  <testcase classname="script.ValidLogin" name="testValidLogin" time="12.339"/>
</testsuite> <!-- script.ValidLogin -->
