<?xml version="1.0" encoding="UTF-8"?>
<!-- Generated by org.testng.reporters.JUnitReportReporter -->
<testsuite hostname="LAPTOP-RI7JP09I" failures="0" tests="1" name="script.InvalidLogin" time="19.184" errors="0" timestamp="27 Jul 2022 02:29:35 GMT" skipped="0">
  <testcase classname="script.InvalidLogin" name="testInvalidLogin" time="19.184"/>
</testsuite> <!-- script.InvalidLogin -->
