<?xml version="1.0" encoding="UTF-8"?>
<!-- Generated by org.testng.reporters.JUnitReportReporter -->
<testsuite hostname="LAPTOP-RI7JP09I" failures="0" tests="1" name="script.InvalidLogin" time="8.406" errors="0" timestamp="23 Aug 2022 09:48:13 GMT" skipped="0">
  <testcase classname="script.InvalidLogin" name="testInvalidLogin" time="8.406"/>
</testsuite> <!-- script.InvalidLogin -->
