<?xml version="1.0" encoding="UTF-8"?>
<!-- Generated by org.testng.reporters.JUnitReportReporter -->
<testsuite hostname="LAPTOP-RI7JP09I" failures="0" tests="1" name="script.TestClass1" time="9.937" errors="0" timestamp="25 Jul 2022 02:44:49 GMT" skipped="0">
  <testcase classname="script.TestClass1" name="testA" time="9.937"/>
</testsuite> <!-- script.TestClass1 -->
