<?xml version="1.0" encoding="UTF-8"?>
<!-- Generated by org.testng.reporters.JUnitReportReporter -->
<testsuite hostname="LAPTOP-RI7JP09I" failures="0" tests="1" name="script.ValidLogin" time="19.779" errors="0" timestamp="26 Jul 2022 16:42:07 GMT" skipped="0">
  <testcase classname="script.ValidLogin" name="testValidLogin" time="19.779"/>
</testsuite> <!-- script.ValidLogin -->
