<?xml version="1.0" encoding="UTF-8"?>
<!-- Generated by org.testng.reporters.JUnitReportReporter -->
<testsuite hostname="LAPTOP-RI7JP09I" failures="0" tests="1" name="script.InvalidLogin" time="7.363" errors="0" timestamp="02 Aug 2022 10:18:49 GMT" skipped="0">
  <testcase classname="script.InvalidLogin" name="testInvalidLogin" time="7.363"/>
</testsuite> <!-- script.InvalidLogin -->
