<?xml version="1.0" encoding="UTF-8"?>
<!-- Generated by org.testng.reporters.JUnitReportReporter -->
<testsuite hostname="LAPTOP-RI7JP09I" failures="0" tests="1" name="script.ValidLogin" time="21.311" errors="0" timestamp="29 Jul 2022 02:28:01 GMT" skipped="0">
  <testcase classname="script.ValidLogin" name="testValidLogin" time="21.311"/>
</testsuite> <!-- script.ValidLogin -->
