<?xml version="1.0" encoding="UTF-8"?>
<!-- Generated by org.testng.reporters.JUnitReportReporter -->
<testsuite hostname="LAPTOP-RI7JP09I" failures="0" tests="1" name="script.InvalidLogin" time="13.226" errors="0" timestamp="27 Jul 2022 07:38:16 GMT" skipped="0">
  <testcase classname="script.InvalidLogin" name="testInvalidLogin" time="13.226"/>
</testsuite> <!-- script.InvalidLogin -->
